<?xml version="1.0" encoding="UTF-8"?>
<!-- Generated by org.testng.reporters.JUnitXMLReporter -->
<testsuite ignored="2" hostname="Laptop-2968-1" failures="0" tests="3" name="Default test" time="104.571" errors="0" timestamp="2022-03-22T22:56:28 IST">
  <testcase classname="AdministrationTC.Admin_Flow" name="Login_Page_method" time="8.458"/>
  <testcase classname="AdministrationTC.Admin_Flow" name="Login_Page_method" time="23.987"/>
  <testcase classname="AdministrationTC.Admin_Flow" name="ProspectViewRecords_page_method" time="57.144"/>
  <testcase classname="AdministrationTC.Admin_Flow" name="Peoplesearch_page_method" time="0.0">
    <ignored/>
  </testcase> <!-- Peoplesearch_page_method -->
  <testcase classname="AdministrationTC.Admin_Flow" name="mdashboard_page_method" time="0.0">
    <ignored/>
  </testcase> <!-- mdashboard_page_method -->
</testsuite> <!-- Default test -->
