<?xml version="1.0" encoding="UTF-8"?>
<!-- Generated by org.testng.reporters.JUnitXMLReporter -->
<testsuite hostname="laptop-2218" ignored="1" name="Test" tests="3" failures="0" timestamp="20 Jun 2019 14:58:37 GMT" time="125.846" errors="0">
  <testcase name="login" time="14.176" classname="test.emailTest"/>
  <testcase name="login" time="40.652" classname="test.emailTest"/>
  <testcase name="selectvalue" time="58.422" classname="test.emailTest"/>
  <testcase name="tapplicaninfomethod" time="0.0" classname="test.emailTest">
    <ignored/>
  </testcase> <!-- tapplicaninfomethod -->
</testsuite> <!-- Test -->
