<?xml version="1.0" encoding="UTF-8"?>
<!-- Generated by org.testng.reporters.JUnitXMLReporter -->
<testsuite hostname="laptop-2218" ignored="0" name="Self-Service Test" tests="3" failures="0" timestamp="2019-10-29T10:34:52 CDT" time="89.165" errors="0">
  <testcase name="Login_Page_method" time="22.028" classname="AdministrationTC.Admin_Flow"/>
  <testcase name="dashboard_page_method" time="26.708" classname="AdministrationTC.Admin_Flow"/>
  <testcase name="ProspectViewRecords_page_method" time="25.673" classname="AdministrationTC.Admin_Flow"/>
</testsuite> <!-- Self-Service Test -->
